{"/Users/earltstephens/turing/1903_4module/projects/om_nom/app.js": {"path":"/Users/earltstephens/turing/1903_4module/projects/om_nom/app.js","statementMap":{"0":{"start":{"line":1,"column":14},"end":{"line":1,"column":32}},"1":{"start":{"line":2,"column":11},"end":{"line":2,"column":26}},"2":{"start":{"line":3,"column":19},"end":{"line":3,"column":43}},"3":{"start":{"line":4,"column":13},"end":{"line":4,"column":30}},"4":{"start":{"line":6,"column":18},"end":{"line":6,"column":43}},"5":{"start":{"line":7,"column":18},"end":{"line":7,"column":50}},"6":{"start":{"line":9,"column":10},"end":{"line":9,"column":19}},"7":{"start":{"line":11,"column":0},"end":{"line":11,"column":23}},"8":{"start":{"line":12,"column":0},"end":{"line":12,"column":24}},"9":{"start":{"line":13,"column":0},"end":{"line":13,"column":49}},"10":{"start":{"line":14,"column":0},"end":{"line":14,"column":24}},"11":{"start":{"line":15,"column":0},"end":{"line":15,"column":56}},"12":{"start":{"line":17,"column":0},"end":{"line":17,"column":26}},"13":{"start":{"line":18,"column":0},"end":{"line":18,"column":37}},"14":{"start":{"line":20,"column":0},"end":{"line":20,"column":21}}},"fnMap":{},"branchMap":{},"s":{"0":1,"1":1,"2":1,"3":1,"4":1,"5":1,"6":1,"7":1,"8":1,"9":1,"10":1,"11":1,"12":1,"13":1,"14":1},"f":{},"b":{},"_coverageSchema":"43e27e138ebf9cfc5966b082cf9a028302ed4184","hash":"5d273864c39b921943a2b783e3f96146103fa8e8"}
,"/Users/earltstephens/turing/1903_4module/projects/om_nom/models/food.js": {"path":"/Users/earltstephens/turing/1903_4module/projects/om_nom/models/food.js","statementMap":{"0":{"start":{"line":2,"column":0},"end":{"line":18,"column":2}},"1":{"start":{"line":3,"column":15},"end":{"line":13,"column":8}},"2":{"start":{"line":14,"column":2},"end":{"line":16,"column":4}},"3":{"start":{"line":17,"column":2},"end":{"line":17,"column":14}}},"fnMap":{"0":{"name":"(anonymous_0)","decl":{"start":{"line":2,"column":17},"end":{"line":2,"column":18}},"loc":{"start":{"line":2,"column":43},"end":{"line":18,"column":1}},"line":2},"1":{"name":"(anonymous_1)","decl":{"start":{"line":14,"column":19},"end":{"line":14,"column":20}},"loc":{"start":{"line":14,"column":36},"end":{"line":16,"column":3}},"line":14}},"branchMap":{},"s":{"0":1,"1":1,"2":1,"3":1},"f":{"0":1,"1":1},"b":{},"_coverageSchema":"43e27e138ebf9cfc5966b082cf9a028302ed4184","hash":"4ca68b79b57b223d0e08cb4994488acc5d93240d"}
,"/Users/earltstephens/turing/1903_4module/projects/om_nom/models/index.js": {"path":"/Users/earltstephens/turing/1903_4module/projects/om_nom/models/index.js","statementMap":{"0":{"start":{"line":3,"column":11},"end":{"line":3,"column":24}},"1":{"start":{"line":4,"column":13},"end":{"line":4,"column":28}},"2":{"start":{"line":5,"column":18},"end":{"line":5,"column":38}},"3":{"start":{"line":6,"column":17},"end":{"line":6,"column":42}},"4":{"start":{"line":7,"column":12},"end":{"line":7,"column":49}},"5":{"start":{"line":8,"column":15},"end":{"line":8,"column":65}},"6":{"start":{"line":9,"column":11},"end":{"line":9,"column":13}},"7":{"start":{"line":12,"column":0},"end":{"line":16,"column":1}},"8":{"start":{"line":13,"column":2},"end":{"line":13,"column":74}},"9":{"start":{"line":15,"column":2},"end":{"line":15,"column":87}},"10":{"start":{"line":18,"column":0},"end":{"line":26,"column":5}},"11":{"start":{"line":21,"column":4},"end":{"line":21,"column":90}},"12":{"start":{"line":24,"column":18},"end":{"line":24,"column":65}},"13":{"start":{"line":25,"column":4},"end":{"line":25,"column":27}},"14":{"start":{"line":28,"column":0},"end":{"line":32,"column":3}},"15":{"start":{"line":29,"column":2},"end":{"line":31,"column":3}},"16":{"start":{"line":30,"column":4},"end":{"line":30,"column":32}},"17":{"start":{"line":34,"column":0},"end":{"line":34,"column":25}},"18":{"start":{"line":35,"column":0},"end":{"line":35,"column":25}},"19":{"start":{"line":37,"column":0},"end":{"line":37,"column":20}}},"fnMap":{"0":{"name":"(anonymous_0)","decl":{"start":{"line":20,"column":10},"end":{"line":20,"column":11}},"loc":{"start":{"line":20,"column":18},"end":{"line":22,"column":3}},"line":20},"1":{"name":"(anonymous_1)","decl":{"start":{"line":23,"column":11},"end":{"line":23,"column":12}},"loc":{"start":{"line":23,"column":19},"end":{"line":26,"column":3}},"line":23},"2":{"name":"(anonymous_2)","decl":{"start":{"line":28,"column":24},"end":{"line":28,"column":25}},"loc":{"start":{"line":28,"column":37},"end":{"line":32,"column":1}},"line":28}},"branchMap":{"0":{"loc":{"start":{"line":7,"column":12},"end":{"line":7,"column":49}},"type":"binary-expr","locations":[{"start":{"line":7,"column":12},"end":{"line":7,"column":32}},{"start":{"line":7,"column":36},"end":{"line":7,"column":49}}],"line":7},"1":{"loc":{"start":{"line":12,"column":0},"end":{"line":16,"column":1}},"type":"if","locations":[{"start":{"line":12,"column":0},"end":{"line":16,"column":1}},{"start":{"line":12,"column":0},"end":{"line":16,"column":1}}],"line":12},"2":{"loc":{"start":{"line":21,"column":11},"end":{"line":21,"column":89}},"type":"binary-expr","locations":[{"start":{"line":21,"column":12},"end":{"line":21,"column":35}},{"start":{"line":21,"column":41},"end":{"line":21,"column":58}},{"start":{"line":21,"column":64},"end":{"line":21,"column":88}}],"line":21},"3":{"loc":{"start":{"line":29,"column":2},"end":{"line":31,"column":3}},"type":"if","locations":[{"start":{"line":29,"column":2},"end":{"line":31,"column":3}},{"start":{"line":29,"column":2},"end":{"line":31,"column":3}}],"line":29}},"s":{"0":1,"1":1,"2":1,"3":1,"4":1,"5":1,"6":1,"7":1,"8":0,"9":1,"10":1,"11":2,"12":1,"13":1,"14":1,"15":1,"16":1,"17":1,"18":1,"19":1},"f":{"0":2,"1":1,"2":1},"b":{"0":[1,0],"1":[0,1],"2":[2,2,1],"3":[1,0]},"_coverageSchema":"43e27e138ebf9cfc5966b082cf9a028302ed4184","hash":"40c2f7a1ff64b2bcf51c708a1f7474d893c4c387"}
,"/Users/earltstephens/turing/1903_4module/projects/om_nom/routes/index.js": {"path":"/Users/earltstephens/turing/1903_4module/projects/om_nom/routes/index.js","statementMap":{"0":{"start":{"line":1,"column":14},"end":{"line":1,"column":32}},"1":{"start":{"line":2,"column":13},"end":{"line":2,"column":29}},"2":{"start":{"line":5,"column":0},"end":{"line":7,"column":3}},"3":{"start":{"line":6,"column":2},"end":{"line":6,"column":44}},"4":{"start":{"line":9,"column":0},"end":{"line":9,"column":24}}},"fnMap":{"0":{"name":"(anonymous_0)","decl":{"start":{"line":5,"column":16},"end":{"line":5,"column":17}},"loc":{"start":{"line":5,"column":41},"end":{"line":7,"column":1}},"line":5}},"branchMap":{},"s":{"0":1,"1":1,"2":1,"3":0,"4":1},"f":{"0":0},"b":{},"_coverageSchema":"43e27e138ebf9cfc5966b082cf9a028302ed4184","hash":"2e62c19e5ecf641c0e1e814ca3ab9370fea84e2e"}
,"/Users/earltstephens/turing/1903_4module/projects/om_nom/routes/api/v1/foods.js": {"path":"/Users/earltstephens/turing/1903_4module/projects/om_nom/routes/api/v1/foods.js","statementMap":{"0":{"start":{"line":1,"column":14},"end":{"line":1,"column":32}},"1":{"start":{"line":2,"column":13},"end":{"line":2,"column":29}},"2":{"start":{"line":3,"column":11},"end":{"line":3,"column":42}},"3":{"start":{"line":4,"column":10},"end":{"line":4,"column":26}},"4":{"start":{"line":6,"column":0},"end":{"line":16,"column":3}},"5":{"start":{"line":7,"column":2},"end":{"line":15,"column":7}},"6":{"start":{"line":9,"column":6},"end":{"line":9,"column":56}},"7":{"start":{"line":10,"column":6},"end":{"line":10,"column":50}},"8":{"start":{"line":13,"column":6},"end":{"line":13,"column":56}},"9":{"start":{"line":14,"column":6},"end":{"line":14,"column":38}},"10":{"start":{"line":18,"column":0},"end":{"line":28,"column":3}},"11":{"start":{"line":19,"column":2},"end":{"line":27,"column":7}},"12":{"start":{"line":21,"column":6},"end":{"line":21,"column":56}},"13":{"start":{"line":22,"column":6},"end":{"line":22,"column":50}},"14":{"start":{"line":25,"column":6},"end":{"line":25,"column":56}},"15":{"start":{"line":26,"column":6},"end":{"line":26,"column":38}},"16":{"start":{"line":30,"column":0},"end":{"line":49,"column":3}},"17":{"start":{"line":31,"column":2},"end":{"line":48,"column":7}},"18":{"start":{"line":36,"column":6},"end":{"line":43,"column":7}},"19":{"start":{"line":37,"column":8},"end":{"line":37,"column":58}},"20":{"start":{"line":38,"column":8},"end":{"line":38,"column":52}},"21":{"start":{"line":41,"column":8},"end":{"line":41,"column":58}},"22":{"start":{"line":42,"column":8},"end":{"line":42,"column":51}},"23":{"start":{"line":46,"column":6},"end":{"line":46,"column":56}},"24":{"start":{"line":47,"column":6},"end":{"line":47,"column":38}},"25":{"start":{"line":72,"column":0},"end":{"line":97,"column":3}},"26":{"start":{"line":73,"column":2},"end":{"line":96,"column":7}},"27":{"start":{"line":84,"column":6},"end":{"line":91,"column":7}},"28":{"start":{"line":85,"column":8},"end":{"line":85,"column":58}},"29":{"start":{"line":86,"column":8},"end":{"line":86,"column":52}},"30":{"start":{"line":89,"column":8},"end":{"line":89,"column":58}},"31":{"start":{"line":90,"column":8},"end":{"line":90,"column":68}},"32":{"start":{"line":94,"column":6},"end":{"line":94,"column":56}},"33":{"start":{"line":95,"column":6},"end":{"line":95,"column":38}},"34":{"start":{"line":99,"column":0},"end":{"line":99,"column":24}}},"fnMap":{"0":{"name":"(anonymous_0)","decl":{"start":{"line":6,"column":16},"end":{"line":6,"column":17}},"loc":{"start":{"line":6,"column":35},"end":{"line":16,"column":1}},"line":6},"1":{"name":"(anonymous_1)","decl":{"start":{"line":8,"column":10},"end":{"line":8,"column":11}},"loc":{"start":{"line":8,"column":19},"end":{"line":11,"column":5}},"line":8},"2":{"name":"(anonymous_2)","decl":{"start":{"line":12,"column":11},"end":{"line":12,"column":12}},"loc":{"start":{"line":12,"column":20},"end":{"line":15,"column":5}},"line":12},"3":{"name":"(anonymous_3)","decl":{"start":{"line":18,"column":19},"end":{"line":18,"column":20}},"loc":{"start":{"line":18,"column":38},"end":{"line":28,"column":1}},"line":18},"4":{"name":"(anonymous_4)","decl":{"start":{"line":20,"column":10},"end":{"line":20,"column":11}},"loc":{"start":{"line":20,"column":19},"end":{"line":23,"column":5}},"line":20},"5":{"name":"(anonymous_5)","decl":{"start":{"line":24,"column":11},"end":{"line":24,"column":12}},"loc":{"start":{"line":24,"column":20},"end":{"line":27,"column":5}},"line":24},"6":{"name":"(anonymous_6)","decl":{"start":{"line":30,"column":17},"end":{"line":30,"column":18}},"loc":{"start":{"line":30,"column":36},"end":{"line":49,"column":1}},"line":30},"7":{"name":"(anonymous_7)","decl":{"start":{"line":35,"column":10},"end":{"line":35,"column":11}},"loc":{"start":{"line":35,"column":18},"end":{"line":44,"column":5}},"line":35},"8":{"name":"(anonymous_8)","decl":{"start":{"line":45,"column":11},"end":{"line":45,"column":12}},"loc":{"start":{"line":45,"column":20},"end":{"line":48,"column":5}},"line":45},"9":{"name":"(anonymous_9)","decl":{"start":{"line":72,"column":19},"end":{"line":72,"column":20}},"loc":{"start":{"line":72,"column":38},"end":{"line":97,"column":1}},"line":72},"10":{"name":"(anonymous_10)","decl":{"start":{"line":83,"column":10},"end":{"line":83,"column":11}},"loc":{"start":{"line":83,"column":18},"end":{"line":92,"column":5}},"line":83},"11":{"name":"(anonymous_11)","decl":{"start":{"line":93,"column":11},"end":{"line":93,"column":12}},"loc":{"start":{"line":93,"column":20},"end":{"line":96,"column":5}},"line":93}},"branchMap":{"0":{"loc":{"start":{"line":36,"column":6},"end":{"line":43,"column":7}},"type":"if","locations":[{"start":{"line":36,"column":6},"end":{"line":43,"column":7}},{"start":{"line":36,"column":6},"end":{"line":43,"column":7}}],"line":36},"1":{"loc":{"start":{"line":84,"column":6},"end":{"line":91,"column":7}},"type":"if","locations":[{"start":{"line":84,"column":6},"end":{"line":91,"column":7}},{"start":{"line":84,"column":6},"end":{"line":91,"column":7}}],"line":84}},"s":{"0":1,"1":1,"2":1,"3":1,"4":1,"5":1,"6":1,"7":1,"8":0,"9":0,"10":1,"11":2,"12":1,"13":1,"14":1,"15":1,"16":1,"17":2,"18":1,"19":0,"20":0,"21":1,"22":1,"23":0,"24":0,"25":1,"26":1,"27":1,"28":0,"29":0,"30":1,"31":1,"32":0,"33":0,"34":1},"f":{"0":1,"1":1,"2":0,"3":2,"4":1,"5":1,"6":2,"7":1,"8":0,"9":1,"10":1,"11":0},"b":{"0":[0,1],"1":[0,1]},"_coverageSchema":"43e27e138ebf9cfc5966b082cf9a028302ed4184","hash":"30c9662179b1b9498c5da7e8b5b7ebb4f092bdee"}
}
